{"C:\\Users\\prabh\\OneDrive\\Desktop\\Prabha\\Learnings\\typeScriptExercises\\user-api-tests\\src\\services\\endPoints.ts": {"path":"C:\\Users\\prabh\\OneDrive\\Desktop\\Prabha\\Learnings\\typeScriptExercises\\user-api-tests\\src\\services\\endPoints.ts","statementMap":{"0":{"start":{"line":1,"column":13},"end":{"line":5,"column":2}},"1":{"start":{"line":3,"column":28},"end":{"line":3,"column":42}},"2":{"start":{"line":4,"column":30},"end":{"line":4,"column":51}}},"fnMap":{"0":{"name":"(anonymous_0)","decl":{"start":{"line":3,"column":12},"end":{"line":3,"column":13}},"loc":{"start":{"line":3,"column":28},"end":{"line":3,"column":42}}},"1":{"name":"(anonymous_1)","decl":{"start":{"line":4,"column":14},"end":{"line":4,"column":15}},"loc":{"start":{"line":4,"column":30},"end":{"line":4,"column":51}}}},"branchMap":{},"s":{"0":1,"1":3,"2":1},"f":{"0":3,"1":1},"b":{}}
,"C:\\Users\\prabh\\OneDrive\\Desktop\\Prabha\\Learnings\\typeScriptExercises\\user-api-tests\\src\\services\\userService.ts": {"path":"C:\\Users\\prabh\\OneDrive\\Desktop\\Prabha\\Learnings\\typeScriptExercises\\user-api-tests\\src\\services\\userService.ts","statementMap":{"0":{"start":{"line":2,"column":0},"end":{"line":2,"column":38}},"1":{"start":{"line":10,"column":0},"end":{"line":10,"column":40}},"2":{"start":{"line":13,"column":27},"end":{"line":16,"column":2}},"3":{"start":{"line":13,"column":55},"end":{"line":16,"column":2}},"4":{"start":{"line":14,"column":15},"end":{"line":14,"column":59}},"5":{"start":{"line":15,"column":2},"end":{"line":15,"column":19}},"6":{"start":{"line":13,"column":13},"end":{"line":13,"column":27}},"7":{"start":{"line":19,"column":26},"end":{"line":24,"column":2}},"8":{"start":{"line":21,"column":27},"end":{"line":24,"column":2}},"9":{"start":{"line":22,"column":19},"end":{"line":22,"column":76}},"10":{"start":{"line":23,"column":2},"end":{"line":23,"column":23}},"11":{"start":{"line":19,"column":13},"end":{"line":19,"column":26}},"12":{"start":{"line":27,"column":27},"end":{"line":30,"column":2}},"13":{"start":{"line":27,"column":63},"end":{"line":30,"column":2}},"14":{"start":{"line":28,"column":19},"end":{"line":28,"column":68}},"15":{"start":{"line":29,"column":2},"end":{"line":29,"column":23}},"16":{"start":{"line":27,"column":13},"end":{"line":27,"column":27}},"17":{"start":{"line":33,"column":33},"end":{"line":39,"column":2}},"18":{"start":{"line":36,"column":27},"end":{"line":39,"column":2}},"19":{"start":{"line":37,"column":19},"end":{"line":37,"column":82}},"20":{"start":{"line":38,"column":2},"end":{"line":38,"column":23}},"21":{"start":{"line":33,"column":13},"end":{"line":33,"column":33}},"22":{"start":{"line":42,"column":31},"end":{"line":51,"column":2}},"23":{"start":{"line":45,"column":27},"end":{"line":51,"column":2}},"24":{"start":{"line":46,"column":19},"end":{"line":48,"column":null}},"25":{"start":{"line":50,"column":2},"end":{"line":50,"column":23}},"26":{"start":{"line":42,"column":13},"end":{"line":42,"column":31}},"27":{"start":{"line":54,"column":26},"end":{"line":56,"column":2}},"28":{"start":{"line":54,"column":62},"end":{"line":56,"column":2}},"29":{"start":{"line":55,"column":2},"end":{"line":55,"column":49}},"30":{"start":{"line":54,"column":13},"end":{"line":54,"column":26}}},"fnMap":{"0":{"name":"(anonymous_7)","decl":{"start":{"line":13,"column":27},"end":{"line":13,"column":53}},"loc":{"start":{"line":13,"column":55},"end":{"line":16,"column":2}}},"1":{"name":"(anonymous_8)","decl":{"start":{"line":13,"column":55},"end":{"line":13,"column":null}},"loc":{"start":{"line":13,"column":55},"end":{"line":16,"column":1}}},"2":{"name":"(anonymous_9)","decl":{"start":{"line":19,"column":26},"end":{"line":19,"column":null}},"loc":{"start":{"line":21,"column":27},"end":{"line":24,"column":2}}},"3":{"name":"(anonymous_10)","decl":{"start":{"line":21,"column":27},"end":{"line":21,"column":null}},"loc":{"start":{"line":21,"column":27},"end":{"line":24,"column":1}}},"4":{"name":"(anonymous_11)","decl":{"start":{"line":27,"column":27},"end":{"line":27,"column":34}},"loc":{"start":{"line":27,"column":63},"end":{"line":30,"column":2}}},"5":{"name":"(anonymous_12)","decl":{"start":{"line":27,"column":63},"end":{"line":27,"column":null}},"loc":{"start":{"line":27,"column":63},"end":{"line":30,"column":1}}},"6":{"name":"(anonymous_13)","decl":{"start":{"line":33,"column":33},"end":{"line":33,"column":null}},"loc":{"start":{"line":36,"column":27},"end":{"line":39,"column":2}}},"7":{"name":"(anonymous_14)","decl":{"start":{"line":36,"column":27},"end":{"line":36,"column":null}},"loc":{"start":{"line":36,"column":27},"end":{"line":39,"column":1}}},"8":{"name":"(anonymous_15)","decl":{"start":{"line":42,"column":31},"end":{"line":42,"column":null}},"loc":{"start":{"line":45,"column":27},"end":{"line":51,"column":2}}},"9":{"name":"(anonymous_16)","decl":{"start":{"line":45,"column":27},"end":{"line":45,"column":null}},"loc":{"start":{"line":45,"column":27},"end":{"line":51,"column":1}}},"10":{"name":"(anonymous_17)","decl":{"start":{"line":54,"column":26},"end":{"line":54,"column":33}},"loc":{"start":{"line":54,"column":62},"end":{"line":56,"column":2}}},"11":{"name":"(anonymous_18)","decl":{"start":{"line":54,"column":62},"end":{"line":54,"column":null}},"loc":{"start":{"line":54,"column":62},"end":{"line":56,"column":1}}}},"branchMap":{},"s":{"0":1,"1":1,"2":1,"3":1,"4":1,"5":1,"6":1,"7":1,"8":1,"9":1,"10":1,"11":1,"12":1,"13":1,"14":1,"15":1,"16":1,"17":1,"18":1,"19":1,"20":1,"21":1,"22":1,"23":1,"24":1,"25":1,"26":1,"27":1,"28":1,"29":1,"30":1},"f":{"0":1,"1":1,"2":1,"3":1,"4":1,"5":1,"6":1,"7":1,"8":1,"9":1,"10":1,"11":1},"b":{}}
}
