TN:
SF:user-api-tests\src\services\endPoints.ts
FN:3,(anonymous_0)
FN:4,(anonymous_1)
FNF:2
FNH:2
FNDA:3,(anonymous_0)
FNDA:1,(anonymous_1)
DA:1,1
DA:3,3
DA:4,1
LF:3
LH:3
BRF:0
BRH:0
end_of_record
TN:
SF:user-api-tests\src\services\userService.ts
FN:13,(anonymous_7)
FN:13,(anonymous_8)
FN:19,(anonymous_9)
FN:21,(anonymous_10)
FN:27,(anonymous_11)
FN:27,(anonymous_12)
FN:33,(anonymous_13)
FN:36,(anonymous_14)
FN:42,(anonymous_15)
FN:45,(anonymous_16)
FN:54,(anonymous_17)
FN:54,(anonymous_18)
FNF:12
FNH:12
FNDA:1,(anonymous_7)
FNDA:1,(anonymous_8)
FNDA:1,(anonymous_9)
FNDA:1,(anonymous_10)
FNDA:1,(anonymous_11)
FNDA:1,(anonymous_12)
FNDA:1,(anonymous_13)
FNDA:1,(anonymous_14)
FNDA:1,(anonymous_15)
FNDA:1,(anonymous_16)
FNDA:1,(anonymous_17)
FNDA:1,(anonymous_18)
DA:2,1
DA:10,1
DA:13,1
DA:14,1
DA:15,1
DA:19,1
DA:21,1
DA:22,1
DA:23,1
DA:27,1
DA:28,1
DA:29,1
DA:33,1
DA:36,1
DA:37,1
DA:38,1
DA:42,1
DA:45,1
DA:46,1
DA:50,1
DA:54,1
DA:55,1
LF:22
LH:22
BRF:0
BRH:0
end_of_record
